2025-06-15 09:13:40 - INFO - Estableciendo los selectores
2025-06-15 09:13:40 - INFO - Enviando cabeceras al sitio web
2025-06-15 09:13:40 - DEBUG - Using selector: EpollSelector
2025-06-15 09:26:49 - INFO - Estableciendo los selectores
2025-06-15 09:26:49 - INFO - Enviando cabeceras al sitio web
2025-06-15 09:26:49 - DEBUG - Using selector: EpollSelector
2025-06-15 09:38:18 - INFO - Estableciendo los selectores
2025-06-15 09:38:18 - INFO - Enviando cabeceras al sitio web
2025-06-15 09:38:18 - DEBUG - Using selector: EpollSelector
2025-06-15 09:38:20 - INFO - Inicio de espera de carga de pagina web.
2025-06-15 09:38:22 - INFO - Termino de espera de carga de pagina web.
2025-06-15 09:38:22 - INFO - Iniciando la espera del primer selector, fecha
2025-06-15 09:38:22 - INFO - Inicio de extracción de elementos
2025-06-15 09:38:22 - INFO - Obteniendo el texto de los elementos.
2025-06-15 09:38:22 - ERROR - Error en la conversión de fecha: time data '13 June\n2025' does not match format '%d %b %Y'
2025-06-15 09:38:23 - INFO - Transformando datos a puntos flotantes
2025-06-15 09:38:23 - INFO - Eliminando simbolos especiales
2025-06-15 09:38:23 - INFO - Creando archivo CSV
2025-06-15 09:38:23 - INFO - Fin de ejecución del script
2025-06-15 09:38:23 - INFO - ================================
2025-06-15 09:47:03 - INFO - Estableciendo los selectores
2025-06-15 09:47:03 - INFO - Enviando cabeceras al sitio web
2025-06-15 09:47:03 - DEBUG - Using selector: EpollSelector
2025-06-15 09:47:05 - INFO - Inicio de espera de carga de pagina web.
2025-06-15 09:47:08 - INFO - Termino de espera de carga de pagina web.
2025-06-15 09:47:08 - INFO - Iniciando la espera del primer selector, fecha
2025-06-15 09:47:08 - INFO - Inicio de extracción de elementos
2025-06-15 09:47:08 - INFO - Obteniendo el texto de los elementos.
2025-06-15 09:47:08 - ERROR - Error en la conversión de fecha: time data '13 June\n2025' does not match format '%d %b %Y'
2025-06-15 09:47:08 - INFO - Transformando datos a puntos flotantes
2025-06-15 09:47:08 - INFO - Eliminando simbolos especiales
2025-06-15 09:47:08 - INFO - Creando archivo CSV
2025-06-15 09:47:08 - INFO - Fin de ejecución del script
2025-06-15 09:47:08 - INFO - ================================
