2025-03-13 13:53:53 - INFO - Iniciando la ejecución del script
2025-03-13 13:53:53 - INFO - Estableciendo los selectores
2025-03-13 13:53:53 - INFO - Enviando cabeceras al sitio web
2025-03-13 13:53:53 - DEBUG - Using selector: EpollSelector
2025-03-13 13:53:54 - INFO - Inicio de espera de carga de pagina web.
2025-03-13 13:54:00 - INFO - Termino de espera de carga de pagina web.
2025-03-13 13:54:00 - INFO - Iniciando la espera del primer selector, fecha
2025-03-13 13:54:03 - INFO - Inicio de extracción de elementos
2025-03-13 13:54:04 - INFO - Obteniendo el texto de los elementos.
2025-03-13 13:54:04 - INFO - Transformando datos a puntos flotantes
2025-03-13 13:54:04 - INFO - Eliminando simbolos especiales
2025-03-13 13:54:04 - INFO - Creando archivo CSV
2025-03-13 13:54:04 - INFO - Fin de ejecución del script
2025-03-13 13:54:04 - INFO - ================================
2025-03-13 14:00:51 - INFO - Iniciando la ejecución del script
2025-03-13 14:00:51 - INFO - Estableciendo los selectores
2025-03-13 14:00:51 - INFO - Enviando cabeceras al sitio web
2025-03-13 14:00:51 - DEBUG - Using selector: EpollSelector
2025-03-13 14:00:52 - INFO - Inicio de espera de carga de pagina web.
2025-03-13 14:01:00 - INFO - Termino de espera de carga de pagina web.
2025-03-13 14:01:00 - INFO - Iniciando la espera del primer selector, fecha
2025-03-13 14:01:03 - INFO - Inicio de extracción de elementos
2025-03-13 14:01:04 - INFO - Obteniendo el texto de los elementos.
2025-03-13 14:01:04 - INFO - Transformando datos a puntos flotantes
2025-03-13 14:01:04 - INFO - Eliminando simbolos especiales
2025-03-13 14:01:04 - INFO - Creando archivo CSV
2025-03-13 14:01:04 - INFO - Fin de ejecución del script
2025-03-13 14:01:04 - INFO - ================================
2025-03-13 14:06:25 - INFO - Iniciando la ejecución del script
2025-03-13 14:06:25 - INFO - Estableciendo los selectores
2025-03-13 14:06:25 - INFO - Enviando cabeceras al sitio web
2025-03-13 14:06:25 - DEBUG - Using selector: EpollSelector
2025-03-13 14:06:26 - INFO - Inicio de espera de carga de pagina web.
2025-03-13 14:06:37 - INFO - Termino de espera de carga de pagina web.
2025-03-13 14:06:37 - INFO - Iniciando la espera del primer selector, fecha
2025-03-13 14:06:38 - INFO - Inicio de extracción de elementos
2025-03-13 14:06:42 - INFO - Obteniendo el texto de los elementos.
2025-03-13 14:06:43 - INFO - Transformando datos a puntos flotantes
2025-03-13 14:06:43 - INFO - Eliminando simbolos especiales
2025-03-13 14:06:43 - INFO - Creando archivo CSV
2025-03-13 14:06:43 - INFO - Fin de ejecución del script
2025-03-13 14:06:43 - INFO - ================================
2025-03-13 14:08:32 - INFO - Iniciando la ejecución del script
2025-03-13 14:08:32 - INFO - Estableciendo los selectores
2025-03-13 14:08:32 - INFO - Enviando cabeceras al sitio web
2025-03-13 14:08:32 - DEBUG - Using selector: EpollSelector
2025-03-13 14:08:33 - INFO - Inicio de espera de carga de pagina web.
2025-03-13 14:08:50 - INFO - Termino de espera de carga de pagina web.
2025-03-13 14:08:50 - INFO - Iniciando la espera del primer selector, fecha
2025-03-13 14:08:51 - INFO - Inicio de extracción de elementos
2025-03-13 14:08:51 - INFO - Obteniendo el texto de los elementos.
2025-03-13 14:08:52 - INFO - Transformando datos a puntos flotantes
2025-03-13 14:08:52 - INFO - Eliminando simbolos especiales
2025-03-13 14:08:52 - INFO - Creando archivo CSV
2025-03-13 14:08:52 - INFO - Fin de ejecución del script
2025-03-13 14:08:52 - INFO - ================================
2025-03-13 14:17:34 - INFO - Iniciando la ejecución del script
2025-03-13 14:17:34 - INFO - Estableciendo los selectores
2025-03-13 14:17:34 - INFO - Enviando cabeceras al sitio web
2025-03-13 14:17:34 - DEBUG - Using selector: EpollSelector
2025-03-13 14:17:35 - INFO - Inicio de espera de carga de pagina web.
2025-03-13 14:17:58 - ERROR - Future exception was never retrieved
future: <Future finished exception=TargetClosedError('Target page, context or browser has been closed')>
playwright._impl._errors.TargetClosedError: Target page, context or browser has been closed
2025-03-13 15:38:44 - INFO - Iniciando la ejecución del script
2025-03-13 15:38:44 - INFO - Estableciendo los selectores
2025-03-13 15:38:44 - INFO - Enviando cabeceras al sitio web
2025-03-13 15:38:44 - DEBUG - Using selector: EpollSelector
2025-03-13 15:38:44 - INFO - Inicio de espera de carga de pagina web.
2025-03-14 08:52:10 - INFO - Iniciando la ejecución del script
2025-03-14 08:52:10 - INFO - Estableciendo los selectores
2025-03-14 08:52:10 - INFO - Enviando cabeceras al sitio web
2025-03-14 08:52:10 - DEBUG - Using selector: EpollSelector
2025-03-14 08:52:10 - INFO - Inicio de espera de carga de pagina web.
2025-03-14 08:52:17 - INFO - Termino de espera de carga de pagina web.
2025-03-14 08:52:17 - INFO - Iniciando la espera del primer selector, fecha
2025-03-14 08:52:20 - INFO - Inicio de extracción de elementos
2025-03-14 08:52:21 - INFO - Obteniendo el texto de los elementos.
2025-03-14 08:52:22 - INFO - Transformando datos a puntos flotantes
2025-03-14 08:52:22 - INFO - Eliminando simbolos especiales
2025-03-14 08:52:22 - INFO - Creando archivo CSV
2025-03-14 08:52:22 - INFO - Fin de ejecución del script
2025-03-14 08:52:22 - INFO - ================================
2025-03-28 11:57:59 - INFO - Iniciando la ejecución del script
2025-03-28 11:57:59 - INFO - Estableciendo los selectores
2025-03-28 11:57:59 - INFO - Enviando cabeceras al sitio web
2025-03-28 11:57:59 - DEBUG - Using selector: EpollSelector
2025-03-28 11:58:00 - INFO - Inicio de espera de carga de pagina web.
2025-03-28 11:58:06 - INFO - Termino de espera de carga de pagina web.
2025-03-28 11:58:06 - INFO - Iniciando la espera del primer selector, fecha
2025-03-28 11:58:10 - INFO - Inicio de extracción de elementos
2025-03-28 11:58:11 - INFO - Obteniendo el texto de los elementos.
2025-03-28 11:58:12 - INFO - Transformando datos a puntos flotantes
2025-03-28 11:58:12 - INFO - Eliminando simbolos especiales
2025-03-28 11:58:12 - INFO - Creando archivo CSV
2025-03-28 11:58:12 - INFO - Fin de ejecución del script
2025-03-28 11:58:12 - INFO - ================================
