2025-03-13 13:54:05 - INFO - Estableciendo los selectores
2025-03-13 13:54:05 - INFO - Enviando cabeceras al sitio web
2025-03-13 13:54:05 - DEBUG - Using selector: EpollSelector
2025-03-13 13:54:05 - INFO - Inicio de espera de carga de pagina web.
2025-03-13 13:54:07 - INFO - Termino de espera de carga de pagina web.
2025-03-13 13:54:07 - INFO - Iniciando la espera del primer selector, fecha
2025-03-13 13:54:07 - INFO - Inicio de extracción de elementos
2025-03-13 13:54:08 - INFO - Obteniendo el texto de los elementos.
2025-03-13 13:54:08 - INFO - Transformando datos a puntos flotantes
2025-03-13 13:54:08 - INFO - Eliminando simbolos especiales
2025-03-13 13:54:08 - INFO - Creando archivo CSV
2025-03-13 13:54:08 - INFO - Fin de ejecución del script
2025-03-13 13:54:08 - INFO - ================================
2025-03-13 14:01:05 - INFO - Estableciendo los selectores
2025-03-13 14:01:05 - INFO - Enviando cabeceras al sitio web
2025-03-13 14:01:05 - DEBUG - Using selector: EpollSelector
2025-03-13 14:01:05 - INFO - Inicio de espera de carga de pagina web.
2025-03-13 14:01:09 - INFO - Termino de espera de carga de pagina web.
2025-03-13 14:01:09 - INFO - Iniciando la espera del primer selector, fecha
2025-03-13 14:01:09 - INFO - Inicio de extracción de elementos
2025-03-13 14:01:09 - INFO - Obteniendo el texto de los elementos.
2025-03-13 14:01:09 - INFO - Transformando datos a puntos flotantes
2025-03-13 14:01:09 - INFO - Eliminando simbolos especiales
2025-03-13 14:01:09 - INFO - Creando archivo CSV
2025-03-13 14:01:09 - INFO - Fin de ejecución del script
2025-03-13 14:01:09 - INFO - ================================
2025-03-13 14:06:43 - INFO - Estableciendo los selectores
2025-03-13 14:06:43 - INFO - Enviando cabeceras al sitio web
2025-03-13 14:06:43 - DEBUG - Using selector: EpollSelector
2025-03-13 14:06:44 - INFO - Inicio de espera de carga de pagina web.
2025-03-13 14:06:47 - INFO - Termino de espera de carga de pagina web.
2025-03-13 14:06:47 - INFO - Iniciando la espera del primer selector, fecha
2025-03-13 14:06:47 - INFO - Inicio de extracción de elementos
2025-03-13 14:06:47 - INFO - Obteniendo el texto de los elementos.
2025-03-13 14:06:47 - INFO - Transformando datos a puntos flotantes
2025-03-13 14:06:47 - INFO - Eliminando simbolos especiales
2025-03-13 14:06:47 - INFO - Creando archivo CSV
2025-03-13 14:06:47 - INFO - Fin de ejecución del script
2025-03-13 14:06:47 - INFO - ================================
2025-03-13 14:08:52 - INFO - Estableciendo los selectores
2025-03-13 14:08:52 - INFO - Enviando cabeceras al sitio web
2025-03-13 14:08:52 - DEBUG - Using selector: EpollSelector
2025-03-13 14:08:52 - INFO - Inicio de espera de carga de pagina web.
2025-03-13 14:09:42 - INFO - Termino de espera de carga de pagina web.
2025-03-13 14:09:42 - INFO - Iniciando la espera del primer selector, fecha
2025-03-13 14:09:42 - INFO - Inicio de extracción de elementos
2025-03-13 14:09:42 - INFO - Obteniendo el texto de los elementos.
2025-03-13 14:09:43 - INFO - Transformando datos a puntos flotantes
2025-03-13 14:09:43 - INFO - Eliminando simbolos especiales
2025-03-13 14:09:43 - INFO - Creando archivo CSV
2025-03-13 14:09:43 - INFO - Fin de ejecución del script
2025-03-13 14:09:43 - INFO - ================================
2025-03-13 15:40:21 - INFO - Estableciendo los selectores
2025-03-13 15:40:21 - INFO - Enviando cabeceras al sitio web
2025-03-13 15:40:21 - DEBUG - Using selector: EpollSelector
2025-03-13 15:40:22 - INFO - Inicio de espera de carga de pagina web.
2025-03-14 08:52:22 - INFO - Estableciendo los selectores
2025-03-14 08:52:22 - INFO - Enviando cabeceras al sitio web
2025-03-14 08:52:22 - DEBUG - Using selector: EpollSelector
2025-03-14 08:52:23 - INFO - Inicio de espera de carga de pagina web.
2025-03-14 08:52:24 - INFO - Termino de espera de carga de pagina web.
2025-03-14 08:52:24 - INFO - Iniciando la espera del primer selector, fecha
2025-03-14 08:52:24 - INFO - Inicio de extracción de elementos
2025-03-14 08:52:24 - INFO - Obteniendo el texto de los elementos.
2025-03-14 08:52:24 - INFO - Transformando datos a puntos flotantes
2025-03-14 08:52:24 - INFO - Eliminando simbolos especiales
2025-03-14 08:52:24 - INFO - Creando archivo CSV
2025-03-14 08:52:24 - INFO - Fin de ejecución del script
2025-03-14 08:52:24 - INFO - ================================
2025-03-28 11:58:28 - INFO - Estableciendo los selectores
2025-03-28 11:58:28 - INFO - Enviando cabeceras al sitio web
2025-03-28 11:58:28 - DEBUG - Using selector: EpollSelector
2025-03-28 11:58:29 - INFO - Inicio de espera de carga de pagina web.
2025-03-28 11:58:30 - INFO - Termino de espera de carga de pagina web.
2025-03-28 11:58:30 - INFO - Iniciando la espera del primer selector, fecha
2025-03-28 11:59:33 - ERROR - Error: El selector de fecha no apareció en 60 segundos. Revisa 'debug.png'.
2025-03-28 12:00:14 - INFO - Estableciendo los selectores
2025-03-28 12:00:14 - INFO - Enviando cabeceras al sitio web
2025-03-28 12:00:14 - DEBUG - Using selector: EpollSelector
2025-03-28 12:00:15 - INFO - Inicio de espera de carga de pagina web.
2025-03-28 12:00:16 - INFO - Termino de espera de carga de pagina web.
2025-03-28 12:00:16 - INFO - Iniciando la espera del primer selector, fecha
2025-03-28 12:01:20 - ERROR - Error: El selector de fecha no apareció en 60 segundos. Revisa 'debug.png'.
2025-03-28 12:05:17 - INFO - Estableciendo los selectores
2025-03-28 12:05:17 - INFO - Enviando cabeceras al sitio web
2025-03-28 12:05:17 - DEBUG - Using selector: EpollSelector
2025-03-28 12:05:18 - INFO - Inicio de espera de carga de pagina web.
2025-03-28 12:05:19 - INFO - Termino de espera de carga de pagina web.
2025-03-28 12:05:19 - INFO - Iniciando la espera del primer selector, fecha
2025-03-28 12:05:20 - INFO - Inicio de extracción de elementos
2025-03-28 12:05:20 - INFO - Obteniendo el texto de los elementos.
2025-03-28 12:05:20 - INFO - Transformando datos a puntos flotantes
2025-03-28 12:05:20 - INFO - Eliminando simbolos especiales
2025-03-28 12:05:20 - INFO - Creando archivo CSV
2025-03-28 12:05:20 - INFO - Fin de ejecución del script
2025-03-28 12:05:20 - INFO - ================================
2025-06-17 06:25:57 - INFO - Estableciendo los selectores
2025-06-17 06:25:57 - INFO - Enviando cabeceras al sitio web
2025-06-17 06:25:57 - DEBUG - Using selector: EpollSelector
2025-06-17 06:25:58 - INFO - Inicio de espera de carga de pagina web.
2025-06-17 06:25:59 - INFO - Termino de espera de carga de pagina web.
2025-06-17 06:25:59 - INFO - Iniciando la espera del primer selector, fecha
2025-06-17 06:26:00 - INFO - Inicio de extracción de elementos
2025-06-17 06:26:00 - INFO - Obteniendo el texto de los elementos.
2025-06-17 06:26:00 - INFO - Transformando datos a puntos flotantes
2025-06-17 06:26:00 - INFO - Eliminando simbolos especiales
2025-06-17 06:26:00 - INFO - Creando archivo CSV
2025-06-17 06:26:00 - INFO - Fin de ejecución del script
2025-06-17 06:26:00 - INFO - ================================
