2025-03-13 13:54:08 - INFO - Estableciendo los selectores
2025-03-13 13:54:08 - INFO - Enviando cabeceras al sitio web
2025-03-13 13:54:08 - DEBUG - Using selector: EpollSelector
2025-03-13 13:54:09 - INFO - Inicio de espera de carga de pagina web.
2025-03-13 13:55:15 - ERROR - Error: La navegación a la URL no se completó en el tiempo esperado. Revisa 'goto_error.png'
2025-03-13 14:01:09 - INFO - Estableciendo los selectores
2025-03-13 14:01:09 - INFO - Enviando cabeceras al sitio web
2025-03-13 14:01:09 - DEBUG - Using selector: EpollSelector
2025-03-13 14:01:10 - INFO - Inicio de espera de carga de pagina web.
2025-03-13 14:02:12 - INFO - Termino de espera de carga de pagina web.
2025-03-13 14:02:12 - INFO - Iniciando la espera del primer selector, fecha
2025-03-13 14:02:12 - INFO - Inicio de extracción de elementos
2025-03-13 14:02:12 - INFO - Obteniendo el texto de los elementos.
2025-03-13 14:02:12 - INFO - Transformando datos a puntos flotantes
2025-03-13 14:02:12 - INFO - Eliminando simbolos especiales
2025-03-13 14:02:12 - INFO - Creando archivo CSV
2025-03-13 14:02:12 - INFO - Fin de ejecución del script
2025-03-13 14:02:12 - INFO - ================================
2025-03-13 14:06:47 - INFO - Estableciendo los selectores
2025-03-13 14:06:47 - INFO - Enviando cabeceras al sitio web
2025-03-13 14:06:47 - DEBUG - Using selector: EpollSelector
2025-03-13 14:06:48 - INFO - Inicio de espera de carga de pagina web.
2025-03-13 14:07:31 - INFO - Termino de espera de carga de pagina web.
2025-03-13 14:07:31 - INFO - Iniciando la espera del primer selector, fecha
2025-03-13 14:07:31 - INFO - Inicio de extracción de elementos
2025-03-13 14:09:43 - INFO - Estableciendo los selectores
2025-03-13 14:09:43 - INFO - Enviando cabeceras al sitio web
2025-03-13 14:09:43 - DEBUG - Using selector: EpollSelector
2025-03-13 14:09:44 - INFO - Inicio de espera de carga de pagina web.
2025-03-13 15:40:55 - INFO - Estableciendo los selectores
2025-03-13 15:40:55 - INFO - Enviando cabeceras al sitio web
2025-03-13 15:40:55 - DEBUG - Using selector: EpollSelector
2025-03-13 15:41:03 - INFO - Inicio de espera de carga de pagina web.
2025-03-13 15:42:06 - ERROR - Error: La navegación a la URL no se completó en el tiempo esperado. Revisa 'goto_error.png'
2025-03-14 08:52:24 - INFO - Estableciendo los selectores
2025-03-14 08:52:24 - INFO - Enviando cabeceras al sitio web
2025-03-14 08:52:24 - DEBUG - Using selector: EpollSelector
2025-03-14 08:52:29 - INFO - Inicio de espera de carga de pagina web.
2025-03-14 08:52:32 - INFO - Termino de espera de carga de pagina web.
2025-03-14 08:52:32 - INFO - Iniciando la espera del primer selector, fecha
2025-03-14 08:52:33 - INFO - Inicio de extracción de elementos
2025-03-14 08:52:33 - INFO - Obteniendo el texto de los elementos.
2025-03-14 08:52:35 - INFO - Transformando datos a puntos flotantes
2025-03-14 08:52:35 - INFO - Eliminando simbolos especiales
2025-03-14 08:52:35 - INFO - Creando archivo CSV
2025-03-14 08:52:35 - INFO - Fin de ejecución del script
2025-03-14 08:52:35 - INFO - ================================
2025-03-28 12:06:28 - INFO - Estableciendo los selectores
2025-03-28 12:06:28 - INFO - Enviando cabeceras al sitio web
2025-03-28 12:06:28 - DEBUG - Using selector: EpollSelector
2025-03-28 12:06:41 - INFO - Inicio de espera de carga de pagina web.
2025-03-28 12:06:46 - INFO - Termino de espera de carga de pagina web.
2025-03-28 12:06:46 - INFO - Iniciando la espera del primer selector, fecha
2025-03-28 12:06:47 - INFO - Inicio de extracción de elementos
2025-03-28 12:06:48 - INFO - Obteniendo el texto de los elementos.
2025-03-28 12:06:51 - INFO - Transformando datos a puntos flotantes
2025-03-28 12:06:51 - INFO - Eliminando simbolos especiales
2025-03-28 12:06:51 - INFO - Creando archivo CSV
2025-03-28 12:06:51 - INFO - Fin de ejecución del script
2025-03-28 12:06:51 - INFO - ================================
2025-06-17 06:26:00 - INFO - Estableciendo los selectores
2025-06-17 06:26:00 - INFO - Enviando cabeceras al sitio web
2025-06-17 06:26:00 - DEBUG - Using selector: EpollSelector
2025-06-17 06:26:03 - INFO - Inicio de espera de carga de pagina web.
2025-06-17 06:26:09 - INFO - Termino de espera de carga de pagina web.
2025-06-17 06:26:09 - INFO - Iniciando la espera del primer selector, fecha
2025-06-17 06:26:10 - INFO - Inicio de extracción de elementos
2025-06-17 06:26:11 - INFO - Obteniendo el texto de los elementos.
2025-06-17 06:26:13 - INFO - Transformando datos a puntos flotantes
2025-06-17 06:26:13 - INFO - Eliminando simbolos especiales
2025-06-17 06:26:13 - INFO - Creando archivo CSV
2025-06-17 06:26:13 - INFO - Fin de ejecución del script
2025-06-17 06:26:13 - INFO - ================================
